<?xml version="1.0" encoding="utf-8" standalone="no"?>
<test-results xmlns:xsi="http://www.w3.org/2001/XMLSchema-instance" xsi:noNamespaceSchemaLocation="nunit_schema_2.5.xsd" name="Pester" total="856" errors="0" failures="0" not-run="0" inconclusive="0" ignored="0" skipped="0" invalid="0" date="2026-06-02" time="10:26:46">
  <environment clr-version="8.0.25" user="aljee" cwd="C:\Git\ajee-iam-premium-library\Invoke-EntraIdentityDecommissioningControlPlane" platform="Microsoft Windows 11 Pro|C:\Windows|\Device\Harddisk2\Partition4" user-domain="PC330" os-version="10.0.26200" machine-name="PC330" nunit-version="2.5.8.0" />
  <culture-info current-culture="en-US" current-uiculture="en-US" />
  <test-suite type="TestFixture" name="Pester" executed="True" result="Success" success="True" time="74.2877" asserts="0" description="Pester">
    <results>
      <test-suite type="TestFixture" name="C:\Git\ajee-iam-premium-library\Invoke-EntraIdentityDecommissioningControlPlane\tests\Rev11\Analysis.Tests.ps1" executed="True" result="Success" success="True" time="3.5202" asserts="0" description="C:\Git\ajee-iam-premium-library\Invoke-EntraIdentityDecommissioningControlPlane\tests\Rev11\Analysis.Tests.ps1">
        <results>
          <test-suite type="TestFixture" name="Rev1.1 Analysis Tests" executed="True" result="Success" success="True" time="1.2983" asserts="0" description="Rev1.1 Analysis Tests">
            <results>
              <test-suite type="TestFixture" name="Rev1.1 Analysis Tests.Severity classification — disabled user with privileged role" executed="True" result="Success" success="True" time="0.5031" asserts="0" description="Rev1.1 Analysis Tests.Severity classification — disabled user with privileged role">
                <results>
                  <test-case description="Disabled user with privileged role finding has Severity Critical and RiskScore &gt;= 80" name="Rev1.1 Analysis Tests.Severity classification — disabled user with privileged role.Disabled user with privileged role finding has Severity Critical and RiskScore &gt;= 80" time="0.3679" asserts="0" success="True" result="Success" executed="True" />
                </results>
              </test-suite>
              <test-suite type="TestFixture" name="Rev1.1 Analysis Tests.Severity classification — guest with privileged access" executed="True" result="Success" success="True" time="0.536" asserts="0" description="Rev1.1 Analysis Tests.Severity classification — guest with privileged access">
                <results>
                  <test-case description="Guest with privileged access finding is classified Critical when RiskScore &gt;= 80" name="Rev1.1 Analysis Tests.Severity classification — guest with privileged access.Guest with privileged access finding is classified Critical when RiskScore &gt;= 80" time="0.024" asserts="0" success="True" result="Success" executed="True" />
                </results>
              </test-suite>
              <test-suite type="TestFixture" name="Rev1.1 Analysis Tests.Severity classification — app with no owner" executed="True" result="Success" success="True" time="0.5675" asserts="0" description="Rev1.1 Analysis Tests.Severity classification — app with no owner">
                <results>
                  <test-case description="App with no owner finding has Severity High or Critical" name="Rev1.1 Analysis Tests.Severity classification — app with no owner.App with no owner finding has Severity High or Critical" time="0.024" asserts="0" success="True" result="Success" executed="True" />
                </results>
              </test-suite>
              <test-suite type="TestFixture" name="Rev1.1 Analysis Tests.Severity classification — informational" executed="True" result="Success" success="True" time="0.6215" asserts="0" description="Rev1.1 Analysis Tests.Severity classification — informational">
                <results>
                  <test-case description="Informational finding has RiskScore &lt;= 24" name="Rev1.1 Analysis Tests.Severity classification — informational.Informational finding has RiskScore &lt;= 24" time="0.0475" asserts="0" success="True" result="Success" executed="True" />
                </results>
              </test-suite>
              <test-suite type="TestFixture" name="Rev1.1 Analysis Tests.Get-DecomFindingSummary" executed="True" result="Success" success="True" time="0.6755" asserts="0" description="Rev1.1 Analysis Tests.Get-DecomFindingSummary">
                <results>
                  <test-case description="Returns correct counts for mixed severity input" name="Rev1.1 Analysis Tests.Get-DecomFindingSummary.Returns correct counts for mixed severity input" time="0.0454" asserts="0" success="True" result="Success" executed="True" />
                </results>
              </test-suite>
              <test-suite type="TestFixture" name="Rev1.1 Analysis Tests.Invoke-DecomAnalysis sort order" executed="True" result="Success" success="True" time="0.7206" asserts="0" description="Rev1.1 Analysis Tests.Invoke-DecomAnalysis sort order">
                <results>
                  <test-case description="Invoke-DecomAnalysis returns Critical findings before High before Medium" name="Rev1.1 Analysis Tests.Invoke-DecomAnalysis sort order.Invoke-DecomAnalysis returns Critical findings before High before Medium" time="0.0381" asserts="0" success="True" result="Success" executed="True" />
                </results>
              </test-suite>
              <test-suite type="TestFixture" name="Rev1.1 Analysis Tests.Rev1.2 null-safety and empty-input guards" executed="True" result="Success" success="True" time="0.9314" asserts="0" description="Rev1.1 Analysis Tests.Rev1.2 null-safety and empty-input guards">
                <results>
                  <test-case description="Invoke-DecomAnalysis tolerates null DisplayName and UserPrincipalName" name="Rev1.1 Analysis Tests.Rev1.2 null-safety and empty-input guards.Invoke-DecomAnalysis tolerates null DisplayName and UserPrincipalName" time="0.0725" asserts="0" success="True" result="Success" executed="True" />
                  <test-case description="Protected objects are forced to RemediationMode ProtectedObject after analysis" name="Rev1.1 Analysis Tests.Rev1.2 null-safety and empty-input guards.Protected objects are forced to RemediationMode ProtectedObject after analysis" time="0.0459" asserts="0" success="True" result="Success" executed="True" />
                  <test-case description="Invoke-DecomAnalysis handles empty findings array without error" name="Rev1.1 Analysis Tests.Rev1.2 null-safety and empty-input guards.Invoke-DecomAnalysis handles empty findings array without error" time="0.0476" asserts="0" success="True" result="Success" executed="True" />
                  <test-case description="Get-DecomFindingSummary returns zero counts for empty input" name="Rev1.1 Analysis Tests.Rev1.2 null-safety and empty-input guards.Get-DecomFindingSummary returns zero counts for empty input" time="0.0351" asserts="0" success="True" result="Success" executed="True" />
                </results>
              </test-suite>
              <test-suite type="TestFixture" name="Rev1.1 Analysis Tests.Rev1.3 severity mapping for new finding IDs" executed="True" result="Success" success="True" time="1.0295" asserts="0" description="Rev1.1 Analysis Tests.Rev1.3 severity mapping for new finding IDs">
                <results>
                  <test-case description="DEC-APP-002 RiskScore 88 maps to Critical severity" name="Rev1.1 Analysis Tests.Rev1.3 severity mapping for new finding IDs.DEC-APP-002 RiskScore 88 maps to Critical severity" time="0.0301" asserts="0" success="True" result="Success" executed="True" />
                  <test-case description="DEC-APP-005 RiskScore 68 maps to High severity" name="Rev1.1 Analysis Tests.Rev1.3 severity mapping for new finding IDs.DEC-APP-005 RiskScore 68 maps to High severity" time="0.0311" asserts="0" success="True" result="Success" executed="True" />
                  <test-case description="DEC-USER-002 RiskScore 72 maps to High severity" name="Rev1.1 Analysis Tests.Rev1.3 severity mapping for new finding IDs.DEC-USER-002 RiskScore 72 maps to High severity" time="0.0259" asserts="0" success="True" result="Success" executed="True" />
                </results>
              </test-suite>
              <test-suite type="TestFixture" name="Rev1.1 Analysis Tests.Rev1.4 severity mapping for new finding IDs" executed="True" result="Success" success="True" time="1.1581" asserts="0" description="Rev1.1 Analysis Tests.Rev1.4 severity mapping for new finding IDs">
                <results>
                  <test-case description="DEC-GUEST-002 RiskScore 85 maps to Critical severity" name="Rev1.1 Analysis Tests.Rev1.4 severity mapping for new finding IDs.DEC-GUEST-002 RiskScore 85 maps to Critical severity" time="0.0262" asserts="0" success="True" result="Success" executed="True" />
                  <test-case description="DEC-ROLE-001 RiskScore 90 maps to Critical severity" name="Rev1.1 Analysis Tests.Rev1.4 severity mapping for new finding IDs.DEC-ROLE-001 RiskScore 90 maps to Critical severity" time="0.0253" asserts="0" success="True" result="Success" executed="True" />
                  <test-case description="DEC-CA-001 RiskScore 65 maps to High severity" name="Rev1.1 Analysis Tests.Rev1.4 severity mapping for new finding IDs.DEC-CA-001 RiskScore 65 maps to High severity" time="0.0333" asserts="0" success="True" result="Success" executed="True" />
                  <test-case description="DEC-GUEST-003 RiskScore 47 maps to Medium severity" name="Rev1.1 Analysis Tests.Rev1.4 severity mapping for new finding IDs.DEC-GUEST-003 RiskScore 47 maps to Medium severity" time="0.0317" asserts="0" success="True" result="Success" executed="True" />
                </results>
              </test-suite>
            </results>
          </test-suite>
        </results>
      </test-suite>
      <test-suite type="TestFixture" name="C:\Git\ajee-iam-premium-library\Invoke-EntraIdentityDecommissioningControlPlane\tests\Rev11\ApplicationGovernance.Rev32.Tests.ps1" executed="True" result="Success" success="True" time="1.1918" asserts="0" description="C:\Git\ajee-iam-premium-library\Invoke-EntraIdentityDecommissioningControlPlane\tests\Rev11\ApplicationGovernance.Rev32.Tests.ps1">
        <results>
          <test-suite type="TestFixture" name="ApplicationGovernance.Rev32 — Application Ownership Governance Pack" executed="True" result="Success" success="True" time="0.9593" asserts="0" description="ApplicationGovernance.Rev32 — Application Ownership Governance Pack">
            <results>
              <test-case description="Application governance model is created with SchemaVersion 3.2" name="ApplicationGovernance.Rev32 — Application Ownership Governance Pack.Application governance model is created with SchemaVersion 3.2" time="0.0171" asserts="0" success="True" result="Success" executed="True" />
              <test-case description="Application governance model counts unowned applications correctly" name="ApplicationGovernance.Rev32 — Application Ownership Governance Pack.Application governance model counts unowned applications correctly" time="0.0268" asserts="0" success="True" result="Success" executed="True" />
              <test-case description="Application governance model counts single-owner applications correctly" name="ApplicationGovernance.Rev32 — Application Ownership Governance Pack.Application governance model counts single-owner applications correctly" time="0.0256" asserts="0" success="True" result="Success" executed="True" />
              <test-case description="Application governance model counts service principals without owner correctly" name="ApplicationGovernance.Rev32 — Application Ownership Governance Pack.Application governance model counts service principals without owner correctly" time="0.0302" asserts="0" success="True" result="Success" executed="True" />
              <test-case description="Get-DecomApplicationOwnerReadiness returns ReadyForApproval for DEC-APP-001" name="ApplicationGovernance.Rev32 — Application Ownership Governance Pack.Get-DecomApplicationOwnerReadiness returns ReadyForApproval for DEC-APP-001" time="0.0244" asserts="0" success="True" result="Success" executed="True" />
              <test-case description="Get-DecomApplicationOwnerReadiness returns PlanOnly for DEC-APP-003" name="ApplicationGovernance.Rev32 — Application Ownership Governance Pack.Get-DecomApplicationOwnerReadiness returns PlanOnly for DEC-APP-003" time="0.0245" asserts="0" success="True" result="Success" executed="True" />
              <test-case description="Get-DecomApplicationOwnerReadiness blocks ProtectedObject" name="ApplicationGovernance.Rev32 — Application Ownership Governance Pack.Get-DecomApplicationOwnerReadiness blocks ProtectedObject" time="0.0213" asserts="0" success="True" result="Success" executed="True" />
              <test-case description="Application governance dashboard HTML exports without error" name="ApplicationGovernance.Rev32 — Application Ownership Governance Pack.Application governance dashboard HTML exports without error" time="0.0659" asserts="0" success="True" result="Success" executed="True" />
              <test-case description="Application governance dashboard HTML contains client name" name="ApplicationGovernance.Rev32 — Application Ownership Governance Pack.Application governance dashboard HTML contains client name" time="0.0351" asserts="0" success="True" result="Success" executed="True" />
              <test-case description="Application owner readiness JSON exports without error" name="ApplicationGovernance.Rev32 — Application Ownership Governance Pack.Application owner readiness JSON exports without error" time="0.0581" asserts="0" success="True" result="Success" executed="True" />
              <test-case description="Application owner readiness JSON has SchemaVersion 3.2" name="ApplicationGovernance.Rev32 — Application Ownership Governance Pack.Application owner readiness JSON has SchemaVersion 3.2" time="0.0338" asserts="0" success="True" result="Success" executed="True" />
              <test-case description="Application owner readiness CSV exports without error" name="ApplicationGovernance.Rev32 — Application Ownership Governance Pack.Application owner readiness CSV exports without error" time="0.048" asserts="0" success="True" result="Success" executed="True" />
              <test-case description="Application owner approval packet Markdown exports without error" name="ApplicationGovernance.Rev32 — Application Ownership Governance Pack.Application owner approval packet Markdown exports without error" time="0.1087" asserts="0" success="True" result="Success" executed="True" />
              <test-case description="Application owner approval packet HTML exports without error" name="ApplicationGovernance.Rev32 — Application Ownership Governance Pack.Application owner approval packet HTML exports without error" time="0.0783" asserts="0" success="True" result="Success" executed="True" />
              <test-case description="Application ownership exception register CSV exports without error" name="ApplicationGovernance.Rev32 — Application Ownership Governance Pack.Application ownership exception register CSV exports without error" time="0.0665" asserts="0" success="True" result="Success" executed="True" />
              <test-case description="Application governance evidence appendix Markdown exports without error" name="ApplicationGovernance.Rev32 — Application Ownership Governance Pack.Application governance evidence appendix Markdown exports without error" time="0.0577" asserts="0" success="True" result="Success" executed="True" />
              <test-case description="ApplicationGovernance.psm1 is read-only — no Graph write calls" name="ApplicationGovernance.Rev32 — Application Ownership Governance Pack.ApplicationGovernance.psm1 is read-only — no Graph write calls" time="0.0333" asserts="0" success="True" result="Success" executed="True" />
            </results>
          </test-suite>
        </results>
      </test-suite>
      <test-suite type="TestFixture" name="C:\Git\ajee-iam-premium-library\Invoke-EntraIdentityDecommissioningControlPlane\tests\Rev11\ApplicationOwnerRemediation.Rev33.Tests.ps1" executed="True" result="Success" success="True" time="0.9843" asserts="0" description="C:\Git\ajee-iam-premium-library\Invoke-EntraIdentityDecommissioningControlPlane\tests\Rev11\ApplicationOwnerRemediation.Rev33.Tests.ps1">
        <results>
          <test-suite type="TestFixture" name="ApplicationOwnerRemediation.Rev33 — Application Owner Governance Pack Exports" executed="True" result="Success" success="True" time="0.6779" asserts="0" description="ApplicationOwnerRemediation.Rev33 — Application Owner Governance Pack Exports">
            <results>
              <test-suite type="TestFixture" name="ApplicationOwnerRemediation.Rev33 — Application Owner Governance Pack Exports.Application owner governance model" executed="True" result="Success" success="True" time="0.1661" asserts="0" description="ApplicationOwnerRemediation.Rev33 — Application Owner Governance Pack Exports.Application owner governance model">
                <results>
                  <test-case description="New-DecomApplicationGovernanceModel returns a model object" name="ApplicationOwnerRemediation.Rev33 — Application Owner Governance Pack Exports.Application owner governance model.New-DecomApplicationGovernanceModel returns a model object" time="0.0032" asserts="0" success="True" result="Success" executed="True" />
                  <test-case description="Model includes unowned application count" name="ApplicationOwnerRemediation.Rev33 — Application Owner Governance Pack Exports.Application owner governance model.Model includes unowned application count" time="0.0244" asserts="0" success="True" result="Success" executed="True" />
                  <test-case description="Model includes OwnerReadiness array" name="ApplicationOwnerRemediation.Rev33 — Application Owner Governance Pack Exports.Application owner governance model.Model includes OwnerReadiness array" time="0.0258" asserts="0" success="True" result="Success" executed="True" />
                  <test-case description="ProtectedObject finding appears in Exceptions, not OwnerReadiness ready set" name="ApplicationOwnerRemediation.Rev33 — Application Owner Governance Pack Exports.Application owner governance model.ProtectedObject finding appears in Exceptions, not OwnerReadiness ready set" time="0.0285" asserts="0" success="True" result="Success" executed="True" />
                  <test-case description="Model ReadyForOwnerApprovalCount is accurate for DEC-APP-001, DEC-APP-002, DEC-SPN-001" name="ApplicationOwnerRemediation.Rev33 — Application Owner Governance Pack Exports.Application owner governance model.Model ReadyForOwnerApprovalCount is accurate for DEC-APP-001, DEC-APP-002, DEC-SPN-001" time="0.0258" asserts="0" success="True" result="Success" executed="True" />
                  <test-case description="DEC-APP-003 finding shows as PlanOnly (single-owner)" name="ApplicationOwnerRemediation.Rev33 — Application Owner Governance Pack Exports.Application owner governance model.DEC-APP-003 finding shows as PlanOnly (single-owner)" time="0.0503" asserts="0" success="True" result="Success" executed="True" />
                </results>
              </test-suite>
              <test-suite type="TestFixture" name="ApplicationOwnerRemediation.Rev33 — Application Owner Governance Pack Exports.Item 59 — Application owner readiness JSON export" executed="True" result="Success" success="True" time="0.2873" asserts="0" description="ApplicationOwnerRemediation.Rev33 — Application Owner Governance Pack Exports.Item 59 — Application owner readiness JSON export">
                <results>
                  <test-case description="Export-DecomApplicationOwnerReadinessJson creates a file" name="ApplicationOwnerRemediation.Rev33 — Application Owner Governance Pack Exports.Item 59 — Application owner readiness JSON export.Export-DecomApplicationOwnerReadinessJson creates a file" time="0.0365" asserts="0" success="True" result="Success" executed="True" />
                  <test-case description="Exported readiness JSON is valid JSON" name="ApplicationOwnerRemediation.Rev33 — Application Owner Governance Pack Exports.Item 59 — Application owner readiness JSON export.Exported readiness JSON is valid JSON" time="0.0274" asserts="0" success="True" result="Success" executed="True" />
                  <test-case description="Exported JSON includes OwnerReadiness array" name="ApplicationOwnerRemediation.Rev33 — Application Owner Governance Pack Exports.Item 59 — Application owner readiness JSON export.Exported JSON includes OwnerReadiness array" time="0.0264" asserts="0" success="True" result="Success" executed="True" />
                  <test-case description="Exported JSON includes SchemaVersion" name="ApplicationOwnerRemediation.Rev33 — Application Owner Governance Pack Exports.Item 59 — Application owner readiness JSON export.Exported JSON includes SchemaVersion" time="0.0254" asserts="0" success="True" result="Success" executed="True" />
                </results>
              </test-suite>
              <test-suite type="TestFixture" name="ApplicationOwnerRemediation.Rev33 — Application Owner Governance Pack Exports.Item 60 — Application owner approval packet Markdown export" executed="True" result="Success" success="True" time="0.4115" asserts="0" description="ApplicationOwnerRemediation.Rev33 — Application Owner Governance Pack Exports.Item 60 — Application owner approval packet Markdown export">
                <results>
                  <test-case description="Export-DecomApplicationOwnerApprovalPacketMarkdown creates a file" name="ApplicationOwnerRemediation.Rev33 — Application Owner Governance Pack Exports.Item 60 — Application owner approval packet Markdown export.Export-DecomApplicationOwnerApprovalPacketMarkdown creates a file" time="0.0284" asserts="0" success="True" result="Success" executed="True" />
                  <test-case description="Exported approval packet Markdown contains approval table header" name="ApplicationOwnerRemediation.Rev33 — Application Owner Governance Pack Exports.Item 60 — Application owner approval packet Markdown export.Exported approval packet Markdown contains approval table header" time="0.0284" asserts="0" success="True" result="Success" executed="True" />
                  <test-case description="Exported approval packet includes approver signature block" name="ApplicationOwnerRemediation.Rev33 — Application Owner Governance Pack Exports.Item 60 — Application owner approval packet Markdown export.Exported approval packet includes approver signature block" time="0.0254" asserts="0" success="True" result="Success" executed="True" />
                  <test-case description="Export-DecomApplicationOwnerApprovalPacketHtml creates an HTML file" name="ApplicationOwnerRemediation.Rev33 — Application Owner Governance Pack Exports.Item 60 — Application owner approval packet Markdown export.Export-DecomApplicationOwnerApprovalPacketHtml creates an HTML file" time="0.036" asserts="0" success="True" result="Success" executed="True" />
                </results>
              </test-suite>
              <test-suite type="TestFixture" name="ApplicationOwnerRemediation.Rev33 — Application Owner Governance Pack Exports.Item 61 — Application owner rollback/evidence guide export" executed="True" result="Success" success="True" time="0.4847" asserts="0" description="ApplicationOwnerRemediation.Rev33 — Application Owner Governance Pack Exports.Item 61 — Application owner rollback/evidence guide export">
                <results>
                  <test-case description="Export-DecomApplicationGovernanceEvidenceAppendixMarkdown creates a file" name="ApplicationOwnerRemediation.Rev33 — Application Owner Governance Pack Exports.Item 61 — Application owner rollback/evidence guide export.Export-DecomApplicationGovernanceEvidenceAppendixMarkdown creates a file" time="0.0246" asserts="0" success="True" result="Success" executed="True" />
                  <test-case description="Exported evidence appendix contains read-only guarantee statement" name="ApplicationOwnerRemediation.Rev33 — Application Owner Governance Pack Exports.Item 61 — Application owner rollback/evidence guide export.Exported evidence appendix contains read-only guarantee statement" time="0.0234" asserts="0" success="True" result="Success" executed="True" />
                  <test-case description="Exported evidence appendix contains recommended next actions" name="ApplicationOwnerRemediation.Rev33 — Application Owner Governance Pack Exports.Item 61 — Application owner rollback/evidence guide export.Exported evidence appendix contains recommended next actions" time="0.0204" asserts="0" success="True" result="Success" executed="True" />
                </results>
              </test-suite>
              <test-suite type="TestFixture" name="ApplicationOwnerRemediation.Rev33 — Application Owner Governance Pack Exports.ApplicationGovernance.psm1 is read-only" executed="True" result="Success" success="True" time="0.5824" asserts="0" description="ApplicationOwnerRemediation.Rev33 — Application Owner Governance Pack Exports.ApplicationGovernance.psm1 is read-only">
                <results>
                  <test-case description="ApplicationGovernance.psm1 contains no Remove-Mg cmdlets" name="ApplicationOwnerRemediation.Rev33 — Application Owner Governance Pack Exports.ApplicationGovernance.psm1 is read-only.ApplicationGovernance.psm1 contains no Remove-Mg cmdlets" time="0.025" asserts="0" success="True" result="Success" executed="True" />
                  <test-case description="ApplicationGovernance.psm1 contains no Update-Mg cmdlets" name="ApplicationOwnerRemediation.Rev33 — Application Owner Governance Pack Exports.ApplicationGovernance.psm1 is read-only.ApplicationGovernance.psm1 contains no Update-Mg cmdlets" time="0.0215" asserts="0" success="True" result="Success" executed="True" />
                  <test-case description="ApplicationGovernance.psm1 contains no New-MgApplication write cmdlets" name="ApplicationOwnerRemediation.Rev33 — Application Owner Governance Pack Exports.ApplicationGovernance.psm1 is read-only.ApplicationGovernance.psm1 contains no New-MgApplication write cmdlets" time="0.0205" asserts="0" success="True" result="Success" executed="True" />
                  <test-case description="ApplicationGovernance.psm1 does not request ReadWrite scopes" name="ApplicationOwnerRemediation.Rev33 — Application Owner Governance Pack Exports.ApplicationGovernance.psm1 is read-only.ApplicationGovernance.psm1 does not request ReadWrite scopes" time="0.0254" asserts="0" success="True" result="Success" executed="True" />
                </results>
              </test-suite>
            </results>
          </test-suite>
        </results>
      </test-suite>
      <test-suite type="TestFixture" name="C:\Git\ajee-iam-premium-library\Invoke-EntraIdentityDecommissioningControlPlane\tests\Rev11\ApprovalDiff.Rev34.Tests.ps1" executed="True" result="Success" success="True" time="0.6447" asserts="0" description="C:\Git\ajee-iam-premium-library\Invoke-EntraIdentityDecommissioningControlPlane\tests\Rev11\ApprovalDiff.Rev34.Tests.ps1">
        <results>
          <test-suite type="TestFixture" name="ApprovalDiff" executed="True" result="Success" success="True" time="0.4835" asserts="0" description="ApprovalDiff">
            <results>
              <test-case description="ApprovedUnchanged detected when WhatIf and Approval match exactly" name="ApprovalDiff.ApprovedUnchanged detected when WhatIf and Approval match exactly" time="0.0918" asserts="0" success="True" result="Success" executed="True" />
              <test-case description="ActionTypeChanged detected when ActionType differs between WhatIf and Approval" name="ApprovalDiff.ActionTypeChanged detected when ActionType differs between WhatIf and Approval" time="0.0504" asserts="0" success="True" result="Success" executed="True" />
              <test-case description="RejectedOrOmitted detected when WhatIf action is absent from Approval" name="ApprovalDiff.RejectedOrOmitted detected when WhatIf action is absent from Approval" time="0.0421" asserts="0" success="True" result="Success" executed="True" />
              <test-case description="ApprovalOnlyNotInWhatIf detected and Passed is false" name="ApprovalDiff.ApprovalOnlyNotInWhatIf detected and Passed is false" time="0.0437" asserts="0" success="True" result="Success" executed="True" />
              <test-case description="TargetChanged detected with RiskLevel High when TargetObjectId differs" name="ApprovalDiff.TargetChanged detected with RiskLevel High when TargetObjectId differs" time="0.0415" asserts="0" success="True" result="Success" executed="True" />
              <test-case description="ProtectedObjectAttempted detected when WhatIf action has ProtectedObject true" name="ApprovalDiff.ProtectedObjectAttempted detected when WhatIf action has ProtectedObject true" time="0.041" asserts="0" success="True" result="Success" executed="True" />
              <test-case description="Approval diff Markdown exported contains markdown table markers" name="ApprovalDiff.Approval diff Markdown exported contains markdown table markers" time="0.0581" asserts="0" success="True" result="Success" executed="True" />
              <test-case description="Approval diff HTML exported contains HTML tags" name="ApprovalDiff.Approval diff HTML exported contains HTML tags" time="0.0517" asserts="0" success="True" result="Success" executed="True" />
            </results>
          </test-suite>
        </results>
      </test-suite>
      <test-suite type="TestFixture" name="C:\Git\ajee-iam-premium-library\Invoke-EntraIdentityDecommissioningControlPlane\tests\Rev11\ApprovalManifest.Rev30.Tests.ps1" executed="True" result="Success" success="True" time="1.0173" asserts="0" description="C:\Git\ajee-iam-premium-library\Invoke-EntraIdentityDecommissioningControlPlane\tests\Rev11\ApprovalManifest.Rev30.Tests.ps1">
        <results>
          <test-suite type="TestFixture" name="ApprovalManifest.psm1 — Rev3.0 ExecutionMap" executed="True" result="Success" success="True" time="0.3129" asserts="0" description="ApprovalManifest.psm1 — Rev3.0 ExecutionMap">
            <results>
              <test-case description="ApprovalManifest ExecutionMap contains all 4 AP finding IDs" name="ApprovalManifest.psm1 — Rev3.0 ExecutionMap.ApprovalManifest ExecutionMap contains all 4 AP finding IDs" time="0.0942" asserts="0" success="True" result="Success" executed="True" />
              <test-case description="ApprovalManifest ExecutionMap maps all 4 AP finding IDs to RemoveAccessPackageAssignment" name="ApprovalManifest.psm1 — Rev3.0 ExecutionMap.ApprovalManifest ExecutionMap maps all 4 AP finding IDs to RemoveAccessPackageAssignment" time="0.0592" asserts="0" success="True" result="Success" executed="True" />
              <test-case description="ApprovalManifest ExecutionMap contains all 6 PIM finding IDs" name="ApprovalManifest.psm1 — Rev3.0 ExecutionMap.ApprovalManifest ExecutionMap contains all 6 PIM finding IDs" time="0.0488" asserts="0" success="True" result="Success" executed="True" />
              <test-case description="ApprovalManifest ExecutionMap maps all 6 PIM finding IDs to RemovePimEligibleAssignment" name="ApprovalManifest.psm1 — Rev3.0 ExecutionMap.ApprovalManifest ExecutionMap maps all 6 PIM finding IDs to RemovePimEligibleAssignment" time="0.0461" asserts="0" success="True" result="Success" executed="True" />
            </results>
          </test-suite>
          <test-suite type="TestFixture" name="ApprovalManifest.psm1 — Rev3.0 SchemaVersion Gate" executed="True" result="Success" success="True" time="0.7136" asserts="0" description="ApprovalManifest.psm1 — Rev3.0 SchemaVersion Gate">
            <results>
              <test-case description="AP action type in SchemaVersion 2.0 manifest produces SchemaVersion error" name="ApprovalManifest.psm1 — Rev3.0 SchemaVersion Gate.AP action type in SchemaVersion 2.0 manifest produces SchemaVersion error" time="0.2675" asserts="0" success="True" result="Success" executed="True" />
              <test-case description="PIM action type in SchemaVersion 2.5 manifest produces SchemaVersion error" name="ApprovalManifest.psm1 — Rev3.0 SchemaVersion Gate.PIM action type in SchemaVersion 2.5 manifest produces SchemaVersion error" time="0.0247" asserts="0" success="True" result="Success" executed="True" />
              <test-case description="AP action type in SchemaVersion 3.0 manifest does not produce SchemaVersion error" name="ApprovalManifest.psm1 — Rev3.0 SchemaVersion Gate.AP action type in SchemaVersion 3.0 manifest does not produce SchemaVersion error" time="0.02" asserts="0" success="True" result="Success" executed="True" />
              <test-case description="Rev2.0 action type (RemoveGroupMembership) in SchemaVersion 2.0 manifest does not produce SchemaVersion error" name="ApprovalManifest.psm1 — Rev3.0 SchemaVersion Gate.Rev2.0 action type (RemoveGroupMembership) in SchemaVersion 2.0 manifest does not produce SchemaVersion error" time="0.0273" asserts="0" success="True" result="Success" executed="True" />
            </results>
          </test-suite>
          <test-suite type="TestFixture" name="ApprovalManifest.psm1 — Rev3.0 Hash Functions" executed="True" result="Success" success="True" time="0.7615" asserts="0" description="ApprovalManifest.psm1 — Rev3.0 Hash Functions">
            <results>
              <test-case description="Get-DecomSha256 returns a 64-character lowercase hexadecimal string" name="ApprovalManifest.psm1 — Rev3.0 Hash Functions.Get-DecomSha256 returns a 64-character lowercase hexadecimal string" time="0.005" asserts="0" success="True" result="Success" executed="True" />
              <test-case description="Get-DecomApprovedActionsHash is deterministic for identical input" name="ApprovalManifest.psm1 — Rev3.0 Hash Functions.Get-DecomApprovedActionsHash is deterministic for identical input" time="0.0056" asserts="0" success="True" result="Success" executed="True" />
              <test-case description="Get-DecomApprovedActionsHash produces different hash when ObjectId changes" name="ApprovalManifest.psm1 — Rev3.0 Hash Functions.Get-DecomApprovedActionsHash produces different hash when ObjectId changes" time="0.0086" asserts="0" success="True" result="Success" executed="True" />
            </results>
          </test-suite>
        </results>
      </test-suite>
      <test-suite type="TestFixture" name="C:\Git\ajee-iam-premium-library\Invoke-EntraIdentityDecommissioningControlPlane\tests\Rev11\ApprovalManifest.Rev31.Tests.ps1" executed="True" result="Success" success="True" time="1.0596" asserts="0" description="C:\Git\ajee-iam-premium-library\Invoke-EntraIdentityDecommissioningControlPlane\tests\Rev11\ApprovalManifest.Rev31.Tests.ps1">
        <results>
          <test-suite type="TestFixture" name="ApprovalManifest.psm1 — Rev3.1 ExecutionMap Guest Entries" executed="True" result="Success" success="True" time="0.0749" asserts="0" description="ApprovalManifest.psm1 — Rev3.1 ExecutionMap Guest Entries">
            <results>
              <test-case description="ExecutionMap contains DEC-GUEST-001 mapped to RemoveGuestGroupMembership" name="ApprovalManifest.psm1 — Rev3.1 ExecutionMap Guest Entries.ExecutionMap contains DEC-GUEST-001 mapped to RemoveGuestGroupMembership" time="0.0153" asserts="0" success="True" result="Success" executed="True" />
              <test-case description="ExecutionMap contains DEC-GUEST-003 mapped to RemoveGuestGroupMembership" name="ApprovalManifest.psm1 — Rev3.1 ExecutionMap Guest Entries.ExecutionMap contains DEC-GUEST-003 mapped to RemoveGuestGroupMembership" time="0.0046" asserts="0" success="True" result="Success" executed="True" />
              <test-case description="ExecutionMap contains all 4 DEC-GREV group-only finding IDs" name="ApprovalManifest.psm1 — Rev3.1 ExecutionMap Guest Entries.ExecutionMap contains all 4 DEC-GREV group-only finding IDs" time="0.0052" asserts="0" success="True" result="Success" executed="True" />
              <test-case description="ExecutionMap contains DEC-GUEST-002 in scope (multi-action)" name="ApprovalManifest.psm1 — Rev3.1 ExecutionMap Guest Entries.ExecutionMap contains DEC-GUEST-002 in scope (multi-action)" time="0.0057" asserts="0" success="True" result="Success" executed="True" />
              <test-case description="ExecutionMap contains DEC-GREV-003 in scope (multi-action)" name="ApprovalManifest.psm1 — Rev3.1 ExecutionMap Guest Entries.ExecutionMap contains DEC-GREV-003 in scope (multi-action)" time="0.005" asserts="0" success="True" result="Success" executed="True" />
              <test-case description="GuestDualFindingIds contains DEC-GUEST-002 and DEC-GREV-003" name="ApprovalManifest.psm1 — Rev3.1 ExecutionMap Guest Entries.GuestDualFindingIds contains DEC-GUEST-002 and DEC-GREV-003" time="0.0079" asserts="0" success="True" result="Success" executed="True" />
            </results>
          </test-suite>
          <test-suite type="TestFixture" name="ApprovalManifest.psm1 — Rev3.1 WhatIf Generation for Guest Actions" executed="True" result="Success" success="True" time="0.4739" asserts="0" description="ApprovalManifest.psm1 — Rev3.1 WhatIf Generation for Guest Actions">
            <results>
              <test-case description="Guest finding with exact group ID generates RemoveGuestGroupMembership action" name="ApprovalManifest.psm1 — Rev3.1 WhatIf Generation for Guest Actions.Guest finding with exact group ID generates RemoveGuestGroupMembership action" time="0.0428" asserts="0" success="True" result="Success" executed="True" />
              <test-case description="Guest finding without exact group ID does not resolve executable action" name="ApprovalManifest.psm1 — Rev3.1 WhatIf Generation for Guest Actions.Guest finding without exact group ID does not resolve executable action" time="0.0121" asserts="0" success="True" result="Success" executed="True" />
              <test-case description="Guest finding with exact app role assignment ID generates RevokeGuestAppRoleAssignment action" name="ApprovalManifest.psm1 — Rev3.1 WhatIf Generation for Guest Actions.Guest finding with exact app role assignment ID generates RevokeGuestAppRoleAssignment action" time="0.0161" asserts="0" success="True" result="Success" executed="True" />
              <test-case description="Guest finding without exact app role ID does not generate executable app-role action" name="ApprovalManifest.psm1 — Rev3.1 WhatIf Generation for Guest Actions.Guest finding without exact app role ID does not generate executable app-role action" time="0.0101" asserts="0" success="True" result="Success" executed="True" />
              <test-case description="WhatIf action for guest group membership has RequiresManualApproval true" name="ApprovalManifest.psm1 — Rev3.1 WhatIf Generation for Guest Actions.WhatIf action for guest group membership has RequiresManualApproval true" time="0.1182" asserts="0" success="True" result="Success" executed="True" />
              <test-case description="WhatIf action for guest group membership has ReadinessStatus field" name="ApprovalManifest.psm1 — Rev3.1 WhatIf Generation for Guest Actions.WhatIf action for guest group membership has ReadinessStatus field" time="0.0403" asserts="0" success="True" result="Success" executed="True" />
              <test-case description="WhatIf action for guest group membership has SponsorEvidenceStatus field" name="ApprovalManifest.psm1 — Rev3.1 WhatIf Generation for Guest Actions.WhatIf action for guest group membership has SponsorEvidenceStatus field" time="0.0328" asserts="0" success="True" result="Success" executed="True" />
              <test-case description="WhatIf action for guest group membership has RollbackGuidance field" name="ApprovalManifest.psm1 — Rev3.1 WhatIf Generation for Guest Actions.WhatIf action for guest group membership has RollbackGuidance field" time="0.0377" asserts="0" success="True" result="Success" executed="True" />
              <test-case description="Non-guest object does not generate guest-specific executable action" name="ApprovalManifest.psm1 — Rev3.1 WhatIf Generation for Guest Actions.Non-guest object does not generate guest-specific executable action" time="0.0052" asserts="0" success="True" result="Success" executed="True" />
            </results>
          </test-suite>
          <test-suite type="TestFixture" name="ApprovalManifest.psm1 — Rev3.1 Manifest Validation Schema Gate" executed="True" result="Success" success="True" time="0.7985" asserts="0" description="ApprovalManifest.psm1 — Rev3.1 Manifest Validation Schema Gate">
            <results>
              <test-case description="Guest action type in SchemaVersion 2.0 manifest produces SchemaVersion error" name="ApprovalManifest.psm1 — Rev3.1 Manifest Validation Schema Gate.Guest action type in SchemaVersion 2.0 manifest produces SchemaVersion error" time="0.0513" asserts="0" success="True" result="Success" executed="True" />
              <test-case description="Guest action type in SchemaVersion 3.0 manifest produces SchemaVersion error" name="ApprovalManifest.psm1 — Rev3.1 Manifest Validation Schema Gate.Guest action type in SchemaVersion 3.0 manifest produces SchemaVersion error" time="0.0255" asserts="0" success="True" result="Success" executed="True" />
              <test-case description="Guest action with missing TargetObjectIds fails validation" name="ApprovalManifest.psm1 — Rev3.1 Manifest Validation Schema Gate.Guest action with missing TargetObjectIds fails validation" time="0.0324" asserts="0" success="True" result="Success" executed="True" />
              <test-case description="RevokeGuestAppRoleAssignment with invalid FindingId fails validation" name="ApprovalManifest.psm1 — Rev3.1 Manifest Validation Schema Gate.RevokeGuestAppRoleAssignment with invalid FindingId fails validation" time="0.0322" asserts="0" success="True" result="Success" executed="True" />
              <test-case description="Duplicate guest group target operation produces duplicate error" name="ApprovalManifest.psm1 — Rev3.1 Manifest Validation Schema Gate.Duplicate guest group target operation produces duplicate error" time="0.0451" asserts="0" success="True" result="Success" executed="True" />
              <test-case description="Approval hash changes when Rev3.1 target metadata changes" name="ApprovalManifest.psm1 — Rev3.1 Manifest Validation Schema Gate.Approval hash changes when Rev3.1 target metadata changes" time="0.0759" asserts="0" success="True" result="Success" executed="True" />
              <test-case description="DEC-GUEST-002 accepts RevokeGuestAppRoleAssignment as a valid ActionType" name="ApprovalManifest.psm1 — Rev3.1 Manifest Validation Schema Gate.DEC-GUEST-002 accepts RevokeGuestAppRoleAssignment as a valid ActionType" time="0.0075" asserts="0" success="True" result="Success" executed="True" />
            </results>
          </test-suite>
        </results>
      </test-suite>
      <test-suite type="TestFixture" name="C:\Git\ajee-iam-premium-library\Invoke-EntraIdentityDecommissioningControlPlane\tests\Rev11\ApprovalManifest.Rev32.Tests.ps1" executed="True" result="Success" success="True" time="0.4045" asserts="0" description="C:\Git\ajee-iam-premium-library\Invoke-EntraIdentityDecommissioningControlPlane\tests\Rev11\ApprovalManifest.Rev32.Tests.ps1">
        <results>
          <test-suite type="TestFixture" name="ApprovalManifest.Rev32 — Credential ExecutionMap and Registry" executed="True" result="Success" success="True" time="0.2162" asserts="0" description="ApprovalManifest.Rev32 — Credential ExecutionMap and Registry">
            <results>
              <test-case description="ExecutionMap contains DEC-APP-005 mapped to RemoveExpiredApplicationCredential" name="ApprovalManifest.Rev32 — Credential ExecutionMap and Registry.ExecutionMap contains DEC-APP-005 mapped to RemoveExpiredApplicationCredential" time="0.0076" asserts="0" success="True" result="Success" executed="True" />
              <test-case description="CredentialFindingIds contains DEC-APP-005" name="ApprovalManifest.Rev32 — Credential ExecutionMap and Registry.CredentialFindingIds contains DEC-APP-005" time="0.0077" asserts="0" success="True" result="Success" executed="True" />
              <test-case description="DEC-APP-004 (expiring credential, plan-only) is not in execution scope" name="ApprovalManifest.Rev32 — Credential ExecutionMap and Registry.DEC-APP-004 (expiring credential, plan-only) is not in execution scope" time="0.0049" asserts="0" success="True" result="Success" executed="True" />
              <test-case description="Approval manifest rejects missing TargetObjectIds for credential action" name="ApprovalManifest.Rev32 — Credential ExecutionMap and Registry.Approval manifest rejects missing TargetObjectIds for credential action" time="0.0315" asserts="0" success="True" result="Success" executed="True" />
              <test-case description="Approval manifest rejects duplicate credential target operation" name="ApprovalManifest.Rev32 — Credential ExecutionMap and Registry.Approval manifest rejects duplicate credential target operation" time="0.0382" asserts="0" success="True" result="Success" executed="True" />
              <test-case description="Approval manifest rejects SchemaVersion older than 3.2 for credential action" name="ApprovalManifest.Rev32 — Credential ExecutionMap and Registry.Approval manifest rejects SchemaVersion older than 3.2 for credential action" time="0.029" asserts="0" success="True" result="Success" executed="True" />
              <test-case description="Approval hash changes when CredentialType changes" name="ApprovalManifest.Rev32 — Credential ExecutionMap and Registry.Approval hash changes when CredentialType changes" time="0.0139" asserts="0" success="True" result="Success" executed="True" />
              <test-case description="Approval hash changes when CredentialEndDateTime changes" name="ApprovalManifest.Rev32 — Credential ExecutionMap and Registry.Approval hash changes when CredentialEndDateTime changes" time="0.0044" asserts="0" success="True" result="Success" executed="True" />
              <test-case description="Approval hash changes when TargetObjectIds changes" name="ApprovalManifest.Rev32 — Credential ExecutionMap and Registry.Approval hash changes when TargetObjectIds changes" time="0.0038" asserts="0" success="True" result="Success" executed="True" />
              <test-case description="Approval manifest validation logic contains Rev3.2 schema gate for credential action types" name="ApprovalManifest.Rev32 — Credential ExecutionMap and Registry.Approval manifest validation logic contains Rev3.2 schema gate for credential action types" time="0.0155" asserts="0" success="True" result="Success" executed="True" />
              <test-case description="Approval manifest validation enforces DEC-APP-005 FindingId for credential removal" name="ApprovalManifest.Rev32 — Credential ExecutionMap and Registry.Approval manifest validation enforces DEC-APP-005 FindingId for credential removal" time="0.0079" asserts="0" success="True" result="Success" executed="True" />
              <test-case description="Approval manifest validation detects duplicate credential removal operations" name="ApprovalManifest.Rev32 — Credential ExecutionMap and Registry.Approval manifest validation detects duplicate credential removal operations" time="0.0064" asserts="0" success="True" result="Success" executed="True" />
            </results>
          </test-suite>
        </results>
      </test-suite>
      <test-suite type="TestFixture" name="C:\Git\ajee-iam-premium-library\Invoke-EntraIdentityDecommissioningControlPlane\tests\Rev11\ApprovalManifest.Rev33.Tests.ps1" executed="True" result="Success" success="True" time="1.1681" asserts="0" description="C:\Git\ajee-iam-premium-library\Invoke-EntraIdentityDecommissioningControlPlane\tests\Rev11\ApprovalManifest.Rev33.Tests.ps1">
        <results>
          <test-suite type="TestFixture" name="ApprovalManifest.Rev33 — Rev3.3 Action Type Validation" executed="True" result="Success" success="True" time="0.8709" asserts="0" description="ApprovalManifest.Rev33 — Rev3.3 Action Type Validation">
            <results>
              <test-suite type="TestFixture" name="ApprovalManifest.Rev33 — Rev3.3 Action Type Validation.AddApplicationOwner — canonical hash changes with owner fields" executed="True" result="Success" success="True" time="0.0208" asserts="0" description="ApprovalManifest.Rev33 — Rev3.3 Action Type Validation.AddApplicationOwner — canonical hash changes with owner fields">
                <results>
                  <test-case description="Hash changes when NewOwnerObjectId changes" name="ApprovalManifest.Rev33 — Rev3.3 Action Type Validation.AddApplicationOwner — canonical hash changes with owner fields.Hash changes when NewOwnerObjectId changes" time="0.0093" asserts="0" success="True" result="Success" executed="True" />
                  <test-case description="Hash changes when BusinessJustification changes" name="ApprovalManifest.Rev33 — Rev3.3 Action Type Validation.AddApplicationOwner — canonical hash changes with owner fields.Hash changes when BusinessJustification changes" time="0.0063" asserts="0" success="True" result="Success" executed="True" />
                </results>
              </test-suite>
              <test-suite type="TestFixture" name="ApprovalManifest.Rev33 — Rev3.3 Action Type Validation.AddApplicationOwner — approval manifest validation" executed="True" result="Success" success="True" time="0.4106" asserts="0" description="ApprovalManifest.Rev33 — Rev3.3 Action Type Validation.AddApplicationOwner — approval manifest validation">
                <results>
                  <test-case description="Valid AddApplicationOwner passes approval validation" name="ApprovalManifest.Rev33 — Rev3.3 Action Type Validation.AddApplicationOwner — approval manifest validation.Valid AddApplicationOwner passes approval validation" time="0.045" asserts="0" success="True" result="Success" executed="True" />
                  <test-case description="Missing NewOwnerObjectId in approved action fails" name="ApprovalManifest.Rev33 — Rev3.3 Action Type Validation.AddApplicationOwner — approval manifest validation.Missing NewOwnerObjectId in approved action fails" time="0.0322" asserts="0" success="True" result="Success" executed="True" />
                  <test-case description="Missing BusinessJustification fails" name="ApprovalManifest.Rev33 — Rev3.3 Action Type Validation.AddApplicationOwner — approval manifest validation.Missing BusinessJustification fails" time="0.0373" asserts="0" success="True" result="Success" executed="True" />
                  <test-case description="Invalid FindingId for AddApplicationOwner fails" name="ApprovalManifest.Rev33 — Rev3.3 Action Type Validation.AddApplicationOwner — approval manifest validation.Invalid FindingId for AddApplicationOwner fails" time="0.0434" asserts="0" success="True" result="Success" executed="True" />
                  <test-case description="SchemaVersion 3.2 rejects AddApplicationOwner" name="ApprovalManifest.Rev33 — Rev3.3 Action Type Validation.AddApplicationOwner — approval manifest validation.SchemaVersion 3.2 rejects AddApplicationOwner" time="0.0719" asserts="0" success="True" result="Success" executed="True" />
                  <test-case description="ProtectedObject action fails for AddApplicationOwner" name="ApprovalManifest.Rev33 — Rev3.3 Action Type Validation.AddApplicationOwner — approval manifest validation.ProtectedObject action fails for AddApplicationOwner" time="0.0427" asserts="0" success="True" result="Success" executed="True" />
                  <test-case description="AddApplicationOwner rejected when NewOwnerObjectId not in TargetObjectIds" name="ApprovalManifest.Rev33 — Rev3.3 Action Type Validation.AddApplicationOwner — approval manifest validation.AddApplicationOwner rejected when NewOwnerObjectId not in TargetObjectIds" time="0.0369" asserts="0" success="True" result="Success" executed="True" />
                  <test-case description="AddApplicationOwner accepted when NewOwnerObjectId matches TargetObjectIds" name="ApprovalManifest.Rev33 — Rev3.3 Action Type Validation.AddApplicationOwner — approval manifest validation.AddApplicationOwner accepted when NewOwnerObjectId matches TargetObjectIds" time="0.0347" asserts="0" success="True" result="Success" executed="True" />
                  <test-case description="Duplicate owner-add operation fails" name="ApprovalManifest.Rev33 — Rev3.3 Action Type Validation.AddApplicationOwner — approval manifest validation.Duplicate owner-add operation fails" time="0.037" asserts="0" success="True" result="Success" executed="True" />
                </results>
              </test-suite>
              <test-suite type="TestFixture" name="ApprovalManifest.Rev33 — Rev3.3 Action Type Validation.RemoveCAExclusionGroupMember — approval manifest validation" executed="True" result="Success" success="True" time="0.8057" asserts="0" description="ApprovalManifest.Rev33 — Rev3.3 Action Type Validation.RemoveCAExclusionGroupMember — approval manifest validation">
                <results>
                  <test-case description="Valid RemoveCAExclusionGroupMember passes approval validation" name="ApprovalManifest.Rev33 — Rev3.3 Action Type Validation.RemoveCAExclusionGroupMember — approval manifest validation.Valid RemoveCAExclusionGroupMember passes approval validation" time="0.0435" asserts="0" success="True" result="Success" executed="True" />
                  <test-case description="Missing PolicyId fails" name="ApprovalManifest.Rev33 — Rev3.3 Action Type Validation.RemoveCAExclusionGroupMember — approval manifest validation.Missing PolicyId fails" time="0.0365" asserts="0" success="True" result="Success" executed="True" />
                  <test-case description="ProtectedObject fails for CA exclusion removal" name="ApprovalManifest.Rev33 — Rev3.3 Action Type Validation.RemoveCAExclusionGroupMember — approval manifest validation.ProtectedObject fails for CA exclusion removal" time="0.0307" asserts="0" success="True" result="Success" executed="True" />
                  <test-case description="EmergencyAccessIndicator true fails" name="ApprovalManifest.Rev33 — Rev3.3 Action Type Validation.RemoveCAExclusionGroupMember — approval manifest validation.EmergencyAccessIndicator true fails" time="0.0372" asserts="0" success="True" result="Success" executed="True" />
                  <test-case description="BreakGlassIndicator true fails" name="ApprovalManifest.Rev33 — Rev3.3 Action Type Validation.RemoveCAExclusionGroupMember — approval manifest validation.BreakGlassIndicator true fails" time="0.0315" asserts="0" success="True" result="Success" executed="True" />
                  <test-case description="SchemaVersion 3.2 rejects RemoveCAExclusionGroupMember" name="ApprovalManifest.Rev33 — Rev3.3 Action Type Validation.RemoveCAExclusionGroupMember — approval manifest validation.SchemaVersion 3.2 rejects RemoveCAExclusionGroupMember" time="0.0347" asserts="0" success="True" result="Success" executed="True" />
                  <test-case description="Invalid FindingId for RemoveCAExclusionGroupMember fails" name="ApprovalManifest.Rev33 — Rev3.3 Action Type Validation.RemoveCAExclusionGroupMember — approval manifest validation.Invalid FindingId for RemoveCAExclusionGroupMember fails" time="0.0261" asserts="0" success="True" result="Success" executed="True" />
                  <test-case description="RemoveCAExclusionGroupMember rejected when ExcludedPrincipalId missing" name="ApprovalManifest.Rev33 — Rev3.3 Action Type Validation.RemoveCAExclusionGroupMember — approval manifest validation.RemoveCAExclusionGroupMember rejected when ExcludedPrincipalId missing" time="0.0288" asserts="0" success="True" result="Success" executed="True" />
                  <test-case description="RemoveCAExclusionGroupMember rejected when ObjectId != ExcludedPrincipalId" name="ApprovalManifest.Rev33 — Rev3.3 Action Type Validation.RemoveCAExclusionGroupMember — approval manifest validation.RemoveCAExclusionGroupMember rejected when ObjectId != ExcludedPrincipalId" time="0.0299" asserts="0" success="True" result="Success" executed="True" />
                  <test-case description="RemoveCAExclusionGroupMember rejected when ExclusionGroupId not in TargetObjectIds" name="ApprovalManifest.Rev33 — Rev3.3 Action Type Validation.RemoveCAExclusionGroupMember — approval manifest validation.RemoveCAExclusionGroupMember rejected when ExclusionGroupId not in TargetObjectIds" time="0.0334" asserts="0" success="True" result="Success" executed="True" />
                  <test-case description="Valid exact-bound CA exclusion approval passes" name="ApprovalManifest.Rev33 — Rev3.3 Action Type Validation.RemoveCAExclusionGroupMember — approval manifest validation.Valid exact-bound CA exclusion approval passes" time="0.0287" asserts="0" success="True" result="Success" executed="True" />
                  <test-case description="Duplicate CA exclusion removal operation fails" name="ApprovalManifest.Rev33 — Rev3.3 Action Type Validation.RemoveCAExclusionGroupMember — approval manifest validation.Duplicate CA exclusion removal operation fails" time="0.0271" asserts="0" success="True" result="Success" executed="True" />
                </results>
              </test-suite>
            </results>
          </test-suite>
        </results>
      </test-suite>
      <test-suite type="TestFixture" name="C:\Git\ajee-iam-premium-library\Invoke-EntraIdentityDecommissioningControlPlane\tests\Rev11\Baseline.Rev24.Tests.ps1" executed="True" result="Success" success="True" time="1.1059" asserts="0" description="C:\Git\ajee-iam-premium-library\Invoke-EntraIdentityDecommissioningControlPlane\tests\Rev11\Baseline.Rev24.Tests.ps1">
        <results>
          <test-suite type="TestFixture" name="Rev2.4 Baseline Module" executed="True" result="Success" success="True" time="0.6969" asserts="0" description="Rev2.4 Baseline Module">
            <results>
              <test-suite type="TestFixture" name="Rev2.4 Baseline Module.Import-DecomBaselineFindings — missing/invalid path" executed="True" result="Success" success="True" time="0.0727" asserts="0" description="Rev2.4 Baseline Module.Import-DecomBaselineFindings — missing/invalid path">
                <results>
                  <test-case description="Missing baseline path returns BaselineAvailable=false without throwing" name="Rev2.4 Baseline Module.Import-DecomBaselineFindings — missing/invalid path.Missing baseline path returns BaselineAvailable=false without throwing" time="0.0077" asserts="0" success="True" result="Success" executed="True" />
                  <test-case description="Non-existent file path returns BaselineAvailable=false with ErrorDetail" name="Rev2.4 Baseline Module.Import-DecomBaselineFindings — missing/invalid path.Non-existent file path returns BaselineAvailable=false with ErrorDetail" time="0.0044" asserts="0" success="True" result="Success" executed="True" />
                  <test-case description="Invalid JSON content returns BaselineAvailable=false" name="Rev2.4 Baseline Module.Import-DecomBaselineFindings — missing/invalid path.Invalid JSON content returns BaselineAvailable=false" time="0.0415" asserts="0" success="True" result="Success" executed="True" />
                  <test-case description="JSON with unsupported schema version returns BaselineAvailable=false" name="Rev2.4 Baseline Module.Import-DecomBaselineFindings — missing/invalid path.JSON with unsupported schema version returns BaselineAvailable=false" time="0.0063" asserts="0" success="True" result="Success" executed="True" />
                </results>
              </test-suite>
              <test-suite type="TestFixture" name="Rev2.4 Baseline Module.Import-DecomBaselineFindings — valid file path" executed="True" result="Success" success="True" time="0.113" asserts="0" description="Rev2.4 Baseline Module.Import-DecomBaselineFindings — valid file path">
                <results>
                  <test-case description="Valid findings JSON file loads successfully" name="Rev2.4 Baseline Module.Import-DecomBaselineFindings — valid file path.Valid findings JSON file loads successfully" time="0.0223" asserts="0" success="True" result="Success" executed="True" />
                  <test-case description="SourcePath is populated for valid file" name="Rev2.4 Baseline Module.Import-DecomBaselineFindings — valid file path.SourcePath is populated for valid file" time="0.0088" asserts="0" success="True" result="Success" executed="True" />
                </results>
              </test-suite>
              <test-suite type="TestFixture" name="Rev2.4 Baseline Module.Import-DecomBaselineFindings — folder path" executed="True" result="Success" success="True" time="0.3048" asserts="0" description="Rev2.4 Baseline Module.Import-DecomBaselineFindings — folder path">
                <results>
                  <test-case description="Folder path resolves newest findings JSON" name="Rev2.4 Baseline Module.Import-DecomBaselineFindings — folder path.Folder path resolves newest findings JSON" time="0.1488" asserts="0" success="True" result="Success" executed="True" />
                  <test-case description="Folder with no findings JSON returns BaselineAvailable=false" name="Rev2.4 Baseline Module.Import-DecomBaselineFindings — folder path.Folder with no findings JSON returns BaselineAvailable=false" time="0.0161" asserts="0" success="True" result="Success" executed="True" />
                </results>
              </test-suite>
              <test-suite type="TestFixture" name="Rev2.4 Baseline Module.Get-DecomFindingStableKey" executed="True" result="Success" success="True" time="0.3481" asserts="0" description="Rev2.4 Baseline Module.Get-DecomFindingStableKey">
                <results>
                  <test-case description="Stable key includes FindingId" name="Rev2.4 Baseline Module.Get-DecomFindingStableKey.Stable key includes FindingId" time="0.008" asserts="0" success="True" result="Success" executed="True" />
                  <test-case description="Stable key includes ObjectType" name="Rev2.4 Baseline Module.Get-DecomFindingStableKey.Stable key includes ObjectType" time="0.0038" asserts="0" success="True" result="Success" executed="True" />
                  <test-case description="Stable key includes ObjectId" name="Rev2.4 Baseline Module.Get-DecomFindingStableKey.Stable key includes ObjectId" time="0.003" asserts="0" success="True" result="Success" executed="True" />
                  <test-case description="Two findings with different ObjectId produce different keys" name="Rev2.4 Baseline Module.Get-DecomFindingStableKey.Two findings with different ObjectId produce different keys" time="0.0036" asserts="0" success="True" result="Success" executed="True" />
                  <test-case description="Same FindingId/ObjectType/ObjectId but changed DisplayName produces same stable key" name="Rev2.4 Baseline Module.Get-DecomFindingStableKey.Same FindingId/ObjectType/ObjectId but changed DisplayName produces same stable key" time="0.0032" asserts="0" success="True" result="Success" executed="True" />
                  <test-case description="Fallback to DisplayName when ObjectId missing" name="Rev2.4 Baseline Module.Get-DecomFindingStableKey.Fallback to DisplayName when ObjectId missing" time="0.004" asserts="0" success="True" result="Success" executed="True" />
                </results>
              </test-suite>
              <test-suite type="TestFixture" name="Rev2.4 Baseline Module.Compare-DecomFindingBaseline — status classification" executed="True" result="Success" success="True" time="0.4264" asserts="0" description="Rev2.4 Baseline Module.Compare-DecomFindingBaseline — status classification">
                <results>
                  <test-case description="New finding is classified as New" name="Rev2.4 Baseline Module.Compare-DecomFindingBaseline — status classification.New finding is classified as New" time="0.0124" asserts="0" success="True" result="Success" executed="True" />
                  <test-case description="Resolved finding is classified as Resolved" name="Rev2.4 Baseline Module.Compare-DecomFindingBaseline — status classification.Resolved finding is classified as Resolved" time="0.0075" asserts="0" success="True" result="Success" executed="True" />
                  <test-case description="Unchanged finding is classified as Unchanged" name="Rev2.4 Baseline Module.Compare-DecomFindingBaseline — status classification.Unchanged finding is classified as Unchanged" time="0.0068" asserts="0" success="True" result="Success" executed="True" />
                  <test-case description="ChangedSeverity detected when severity changes" name="Rev2.4 Baseline Module.Compare-DecomFindingBaseline — status classification.ChangedSeverity detected when severity changes" time="0.0051" asserts="0" success="True" result="Success" executed="True" />
                  <test-case description="ChangedRiskScore detected when risk score changes" name="Rev2.4 Baseline Module.Compare-DecomFindingBaseline — status classification.ChangedRiskScore detected when risk score changes" time="0.0071" asserts="0" success="True" result="Success" executed="True" />
                  <test-case description="DeltaRiskScore is positive when risk score increases" name="Rev2.4 Baseline Module.Compare-DecomFindingBaseline — status classification.DeltaRiskScore is positive when risk score increases" time="0.0046" asserts="0" success="True" result="Success" executed="True" />
                  <test-case description="DeltaRiskScore is negative when risk score decreases" name="Rev2.4 Baseline Module.Compare-DecomFindingBaseline — status classification.DeltaRiskScore is negative when risk score decreases" time="0.011" asserts="0" success="True" result="Success" executed="True" />
                  <test-case description="Unchanged matched finding has IsPersisting=$true" name="Rev2.4 Baseline Module.Compare-DecomFindingBaseline — status classification.Unchanged matched finding has IsPersisting=$true" time="0.0049" asserts="0" success="True" result="Success" executed="True" />
                  <test-case description="ChangedSeverity matched finding has IsPersisting=$true" name="Rev2.4 Baseline Module.Compare-DecomFindingBaseline — status classification.ChangedSeverity matched finding has IsPersisting=$true" time="0.0044" asserts="0" success="True" result="Success" executed="True" />
                  <test-case description="ChangedRiskScore matched finding has IsPersisting=$true" name="Rev2.4 Baseline Module.Compare-DecomFindingBaseline — status classification.ChangedRiskScore matched finding has IsPersisting=$true" time="0.0067" asserts="0" success="True" result="Success" executed="True" />
                </results>
              </test-suite>
              <test-suite type="TestFixture" name="Rev2.4 Baseline Module.Get-DecomRiskMovementSummary" executed="True" result="Success" success="True" time="0.4887" asserts="0" description="Rev2.4 Baseline Module.Get-DecomRiskMovementSummary">
                <results>
                  <test-case description="NetRiskDelta calculated correctly" name="Rev2.4 Baseline Module.Get-DecomRiskMovementSummary.NetRiskDelta calculated correctly" time="0.0329" asserts="0" success="True" result="Success" executed="True" />
                  <test-case description="NewCritical counts Critical new findings" name="Rev2.4 Baseline Module.Get-DecomRiskMovementSummary.NewCritical counts Critical new findings" time="0.0154" asserts="0" success="True" result="Success" executed="True" />
                  <test-case description="Baseline summary Persisting count matches IsPersisting flag not Status field" name="Rev2.4 Baseline Module.Get-DecomRiskMovementSummary.Baseline summary Persisting count matches IsPersisting flag not Status field" time="0.0069" asserts="0" success="True" result="Success" executed="True" />
                </results>
              </test-suite>
              <test-suite type="TestFixture" name="Rev2.4 Baseline Module.Baseline exports" executed="True" result="Success" success="True" time="0.6555" asserts="0" description="Rev2.4 Baseline Module.Baseline exports">
                <results>
                  <test-case description="Export-DecomBaselineComparisonJson SchemaVersion is 2.4" name="Rev2.4 Baseline Module.Baseline exports.Export-DecomBaselineComparisonJson SchemaVersion is 2.4" time="0.0407" asserts="0" success="True" result="Success" executed="True" />
                  <test-case description="Baseline comparison JSON contains required Summary fields" name="Rev2.4 Baseline Module.Baseline exports.Baseline comparison JSON contains required Summary fields" time="0.0406" asserts="0" success="True" result="Success" executed="True" />
                  <test-case description="Baseline unavailable still writes JSON with BaselineAvailable=false" name="Rev2.4 Baseline Module.Baseline exports.Baseline unavailable still writes JSON with BaselineAvailable=false" time="0.0324" asserts="0" success="True" result="Success" executed="True" />
                  <test-case description="Export-DecomBaselineComparisonCsv contains required headers" name="Rev2.4 Baseline Module.Baseline exports.Export-DecomBaselineComparisonCsv contains required headers" time="0.0247" asserts="0" success="True" result="Success" executed="True" />
                  <test-case description="Empty comparison results still creates CSV with headers" name="Rev2.4 Baseline Module.Baseline exports.Empty comparison results still creates CSV with headers" time="0.0074" asserts="0" success="True" result="Success" executed="True" />
                </results>
              </test-suite>
            </results>
          </test-suite>
        </results>
      </test-suite>
      <test-suite type="TestFixture" name="C:\Git\ajee-iam-premium-library\Invoke-EntraIdentityDecommissioningControlPlane\tests\Rev11\CaExclusionRemediation.Rev33.Tests.ps1" executed="True" result="Success" success="True" time="0.6292" asserts="0" description="C:\Git\ajee-iam-premium-library\Invoke-EntraIdentityDecommissioningControlPlane\tests\Rev11\CaExclusionRemediation.Rev33.Tests.ps1">
        <results>
          <test-suite type="TestFixture" name="CaExclusionRemediation.Rev33 — CA Exclusion Governance Pack Exports" executed="True" result="Success" success="True" time="0.3331" asserts="0" description="CaExclusionRemediation.Rev33 — CA Exclusion Governance Pack Exports">
            <results>
              <test-suite type="TestFixture" name="CaExclusionRemediation.Rev33 — CA Exclusion Governance Pack Exports.CA exclusion governance model" executed="True" result="Success" success="True" time="0.043" asserts="0" description="CaExclusionRemediation.Rev33 — CA Exclusion Governance Pack Exports.CA exclusion governance model">
                <results>
                  <test-case description="New-DecomCaExclusionGovernanceModel returns a model object" name="CaExclusionRemediation.Rev33 — CA Exclusion Governance Pack Exports.CA exclusion governance model.New-DecomCaExclusionGovernanceModel returns a model object" time="0.0036" asserts="0" success="True" result="Success" executed="True" />
                  <test-case description="Model ExclusionCount is correct" name="CaExclusionRemediation.Rev33 — CA Exclusion Governance Pack Exports.CA exclusion governance model.Model ExclusionCount is correct" time="0.0045" asserts="0" success="True" result="Success" executed="True" />
                  <test-case description="Model includes Exclusions array" name="CaExclusionRemediation.Rev33 — CA Exclusion Governance Pack Exports.CA exclusion governance model.Model includes Exclusions array" time="0.0035" asserts="0" success="True" result="Success" executed="True" />
                  <test-case description="Model CAPolicyCount is at least 1" name="CaExclusionRemediation.Rev33 — CA Exclusion Governance Pack Exports.CA exclusion governance model.Model CAPolicyCount is at least 1" time="0.0047" asserts="0" success="True" result="Success" executed="True" />
                  <test-case description="DEC-CA-002 with review evidence shows Rev33WriteCandidate status" name="CaExclusionRemediation.Rev33 — CA Exclusion Governance Pack Exports.CA exclusion governance model.DEC-CA-002 with review evidence shows Rev33WriteCandidate status" time="0.0087" asserts="0" success="True" result="Success" executed="True" />
                  <test-case description="DEC-CA-003 without review evidence shows ManualRemediationRequired or HighRisk" name="CaExclusionRemediation.Rev33 — CA Exclusion Governance Pack Exports.CA exclusion governance model.DEC-CA-003 without review evidence shows ManualRemediationRequired or HighRisk" time="0.0065" asserts="0" success="True" result="Success" executed="True" />
                  <test-case description="Model Rev3WriteReadinessCandidatesCount is correct" name="CaExclusionRemediation.Rev33 — CA Exclusion Governance Pack Exports.CA exclusion governance model.Model Rev3WriteReadinessCandidatesCount is correct" time="0.0046" asserts="0" success="True" result="Success" executed="True" />
                </results>
              </test-suite>
              <test-suite type="TestFixture" name="CaExclusionRemediation.Rev33 — CA Exclusion Governance Pack Exports.Item 62 — CA exclusion readiness JSON export" executed="True" result="Success" success="True" time="0.1008" asserts="0" description="CaExclusionRemediation.Rev33 — CA Exclusion Governance Pack Exports.Item 62 — CA exclusion readiness JSON export">
                <results>
                  <test-case description="Export-DecomCaExclusionReadinessJson creates a file" name="CaExclusionRemediation.Rev33 — CA Exclusion Governance Pack Exports.Item 62 — CA exclusion readiness JSON export.Export-DecomCaExclusionReadinessJson creates a file" time="0.0187" asserts="0" success="True" result="Success" executed="True" />
                  <test-case description="Exported readiness JSON is valid JSON" name="CaExclusionRemediation.Rev33 — CA Exclusion Governance Pack Exports.Item 62 — CA exclusion readiness JSON export.Exported readiness JSON is valid JSON" time="0.0178" asserts="0" success="True" result="Success" executed="True" />
                  <test-case description="Exported JSON includes Exclusions array" name="CaExclusionRemediation.Rev33 — CA Exclusion Governance Pack Exports.Item 62 — CA exclusion readiness JSON export.Exported JSON includes Exclusions array" time="0.0067" asserts="0" success="True" result="Success" executed="True" />
                  <test-case description="Exported JSON includes ExclusionCount field" name="CaExclusionRemediation.Rev33 — CA Exclusion Governance Pack Exports.Item 62 — CA exclusion readiness JSON export.Exported JSON includes ExclusionCount field" time="0.0073" asserts="0" success="True" result="Success" executed="True" />
                </results>
              </test-suite>
              <test-suite type="TestFixture" name="CaExclusionRemediation.Rev33 — CA Exclusion Governance Pack Exports.Item 63 — CA exclusion owner review packet export" executed="True" result="Success" success="True" time="0.1573" asserts="0" description="CaExclusionRemediation.Rev33 — CA Exclusion Governance Pack Exports.Item 63 — CA exclusion owner review packet export">
                <results>
                  <test-case description="Export-DecomCaExclusionOwnerReviewPacketMarkdown creates a file" name="CaExclusionRemediation.Rev33 — CA Exclusion Governance Pack Exports.Item 63 — CA exclusion owner review packet export.Export-DecomCaExclusionOwnerReviewPacketMarkdown creates a file" time="0.0166" asserts="0" success="True" result="Success" executed="True" />
                  <test-case description="Exported packet Markdown contains review header" name="CaExclusionRemediation.Rev33 — CA Exclusion Governance Pack Exports.Item 63 — CA exclusion owner review packet export.Exported packet Markdown contains review header" time="0.012" asserts="0" success="True" result="Success" executed="True" />
                  <test-case description="Exported packet includes reviewer signature block" name="CaExclusionRemediation.Rev33 — CA Exclusion Governance Pack Exports.Item 63 — CA exclusion owner review packet export.Exported packet includes reviewer signature block" time="0.0081" asserts="0" success="True" result="Success" executed="True" />
                  <test-case description="Export-DecomCaExclusionGovernanceDashboardHtml creates an HTML file" name="CaExclusionRemediation.Rev33 — CA Exclusion Governance Pack Exports.Item 63 — CA exclusion owner review packet export.Export-DecomCaExclusionGovernanceDashboardHtml creates an HTML file" time="0.0137" asserts="0" success="True" result="Success" executed="True" />
                </results>
              </test-suite>
              <test-suite type="TestFixture" name="CaExclusionRemediation.Rev33 — CA Exclusion Governance Pack Exports.Item 64 — CA exclusion remediation design/rollback guide export" executed="True" result="Success" success="True" time="0.201" asserts="0" description="CaExclusionRemediation.Rev33 — CA Exclusion Governance Pack Exports.Item 64 — CA exclusion remediation design/rollback guide export">
                <results>
                  <test-case description="Export-DecomCaExclusionRemediationDesignMarkdown creates a file" name="CaExclusionRemediation.Rev33 — CA Exclusion Governance Pack Exports.Item 64 — CA exclusion remediation design/rollback guide export.Export-DecomCaExclusionRemediationDesignMarkdown creates a file" time="0.0166" asserts="0" success="True" result="Success" executed="True" />
                  <test-case description="Exported remediation design contains Rev3.3 write candidates section" name="CaExclusionRemediation.Rev33 — CA Exclusion Governance Pack Exports.Item 64 — CA exclusion remediation design/rollback guide export.Exported remediation design contains Rev3.3 write candidates section" time="0.015" asserts="0" success="True" result="Success" executed="True" />
                  <test-case description="Exported remediation design includes no-CA-policy-mutation statement" name="CaExclusionRemediation.Rev33 — CA Exclusion Governance Pack Exports.Item 64 — CA exclusion remediation design/rollback guide export.Exported remediation design includes no-CA-policy-mutation statement" time="0.0063" asserts="0" success="True" result="Success" executed="True" />
                </results>
              </test-suite>
              <test-suite type="TestFixture" name="CaExclusionRemediation.Rev33 — CA Exclusion Governance Pack Exports.ConditionalAccessGovernance.psm1 is read-only" executed="True" result="Success" success="True" time="0.2331" asserts="0" description="CaExclusionRemediation.Rev33 — CA Exclusion Governance Pack Exports.ConditionalAccessGovernance.psm1 is read-only">
                <results>
[...]
                </results>
              </test-suite>
              <test-suite type="TestFixture" name="Rev2.5 Safety Tests.Rev2.5 new modules contain no unexpected write scopes" executed="True" result="Success" success="True" time="0.0507" asserts="0" description="Rev2.5 Safety Tests.Rev2.5 new modules contain no unexpected write scopes">
                <results>
                  <test-case description="CatalogValidation.psm1 contains no ReadWrite scope references" name="Rev2.5 Safety Tests.Rev2.5 new modules contain no unexpected write scopes.CatalogValidation.psm1 contains no ReadWrite scope references" time="0.0067" asserts="0" success="True" result="Success" executed="True" />
                  <test-case description="SchemaContracts.psm1 contains no ReadWrite scope references" name="Rev2.5 Safety Tests.Rev2.5 new modules contain no unexpected write scopes.SchemaContracts.psm1 contains no ReadWrite scope references" time="0.0048" asserts="0" success="True" result="Success" executed="True" />
                  <test-case description="ReleasePackaging.psm1 contains no ReadWrite scope references" name="Rev2.5 Safety Tests.Rev2.5 new modules contain no unexpected write scopes.ReleasePackaging.psm1 contains no ReadWrite scope references" time="0.0036" asserts="0" success="True" result="Success" executed="True" />
                </results>
              </test-suite>
              <test-suite type="TestFixture" name="Rev2.5 Safety Tests.Rev2.5 Remediation.psm1 executable scope unchanged" executed="True" result="Success" success="True" time="0.0937" asserts="0" description="Rev2.5 Safety Tests.Rev2.5 Remediation.psm1 executable scope unchanged">
                <results>
                  <test-case description="Remediation.psm1 does not reference Rev2.5 validation modules" name="Rev2.5 Safety Tests.Rev2.5 Remediation.psm1 executable scope unchanged.Remediation.psm1 does not reference Rev2.5 validation modules" time="0.0136" asserts="0" success="True" result="Success" executed="True" />
                  <test-case description="Remediation.psm1 contains authorized action types and excludes permanently unauthorized ones" name="Rev2.5 Safety Tests.Rev2.5 Remediation.psm1 executable scope unchanged.Remediation.psm1 contains authorized action types and excludes permanently unauthorized ones" time="0.0248" asserts="0" success="True" result="Success" executed="True" />
                </results>
              </test-suite>
              <test-suite type="TestFixture" name="Rev2.5 Safety Tests.Rev2.5 ApprovalManifest execution map unchanged" executed="True" result="Success" success="True" time="0.1108" asserts="0" description="Rev2.5 Safety Tests.Rev2.5 ApprovalManifest execution map unchanged">
                <results>
                  <test-case description="Entry point ApprovalManifest processing still guards on ApprovedActions" name="Rev2.5 Safety Tests.Rev2.5 ApprovalManifest execution map unchanged.Entry point ApprovalManifest processing still guards on ApprovedActions" time="0.0038" asserts="0" success="True" result="Success" executed="True" />
                  <test-case description="Entry point does not add new ExecuteRemediation action types" name="Rev2.5 Safety Tests.Rev2.5 ApprovalManifest execution map unchanged.Entry point does not add new ExecuteRemediation action types" time="0.0091" asserts="0" success="True" result="Success" executed="True" />
                </results>
              </test-suite>
              <test-suite type="TestFixture" name="Rev2.5 Safety Tests.Rev2.5 ExecuteRemediation branch ordering unchanged" executed="True" result="Success" success="True" time="0.1359" asserts="0" description="Rev2.5 Safety Tests.Rev2.5 ExecuteRemediation branch ordering unchanged">
                <results>
                  <test-case description="SelfTest exits before Connect-MgGraph in entry point" name="Rev2.5 Safety Tests.Rev2.5 ExecuteRemediation branch ordering unchanged.SelfTest exits before Connect-MgGraph in entry point" time="0.0096" asserts="0" success="True" result="Success" executed="True" />
                  <test-case description="ExecuteRemediation guard still present in Rev2.5 entry point" name="Rev2.5 Safety Tests.Rev2.5 ExecuteRemediation branch ordering unchanged.ExecuteRemediation guard still present in Rev2.5 entry point" time="0.005" asserts="0" success="True" result="Success" executed="True" />
                  <test-case description="Entry point contains no unauthorized write scope additions" name="Rev2.5 Safety Tests.Rev2.5 ExecuteRemediation branch ordering unchanged.Entry point contains no unauthorized write scope additions" time="0.0062" asserts="0" success="True" result="Success" executed="True" />
                </results>
              </test-suite>
            </results>
          </test-suite>
        </results>
      </test-suite>
      <test-suite type="TestFixture" name="C:\Git\ajee-iam-premium-library\Invoke-EntraIdentityDecommissioningControlPlane\tests\Rev11\SchemaContracts.Rev25.Tests.ps1" executed="True" result="Success" success="True" time="0.3383" asserts="0" description="C:\Git\ajee-iam-premium-library\Invoke-EntraIdentityDecommissioningControlPlane\tests\Rev11\SchemaContracts.Rev25.Tests.ps1">
        <results>
          <test-suite type="TestFixture" name="SchemaContracts.psm1" executed="True" result="Success" success="True" time="0.1764" asserts="0" description="SchemaContracts.psm1">
            <results>
              <test-case description="Get-DecomSchemaContract should return Finding contract with required fields" name="SchemaContracts.psm1.Get-DecomSchemaContract should return Finding contract with required fields" time="0.0145" asserts="0" success="True" result="Success" executed="True" />
              <test-case description="Finding schema contract defines Confidence as string with allowed values High, Medium, Low" name="SchemaContracts.psm1.Finding schema contract defines Confidence as string with allowed values High, Medium, Low" time="0.0065" asserts="0" success="True" result="Success" executed="True" />
              <test-case description="Test-DecomObjectAgainstSchemaContract should pass valid Finding object" name="SchemaContracts.psm1.Test-DecomObjectAgainstSchemaContract should pass valid Finding object" time="0.0416" asserts="0" success="True" result="Success" executed="True" />
              <test-case description="Test-DecomObjectAgainstSchemaContract should fail on missing required field" name="SchemaContracts.psm1.Test-DecomObjectAgainstSchemaContract should fail on missing required field" time="0.0083" asserts="0" success="True" result="Success" executed="True" />
              <test-case description="Test-DecomObjectAgainstSchemaContract should fail on invalid Severity" name="SchemaContracts.psm1.Test-DecomObjectAgainstSchemaContract should fail on invalid Severity" time="0.0132" asserts="0" success="True" result="Success" executed="True" />
              <test-case description="Test-DecomObjectAgainstSchemaContract should fail on wrong RiskScore type" name="SchemaContracts.psm1.Test-DecomObjectAgainstSchemaContract should fail on wrong RiskScore type" time="0.0163" asserts="0" success="True" result="Success" executed="True" />
              <test-case description="Export-DecomSchemaContractsMarkdown should generate documentation file" name="SchemaContracts.psm1.Export-DecomSchemaContractsMarkdown should generate documentation file" time="0.0546" asserts="0" success="True" result="Success" executed="True" />
            </results>
          </test-suite>
        </results>
      </test-suite>
      <test-suite type="TestFixture" name="C:\Git\ajee-iam-premium-library\Invoke-EntraIdentityDecommissioningControlPlane\tests\Rev11\Traceability.Rev34.Tests.ps1" executed="True" result="Success" success="True" time="0.3155" asserts="0" description="C:\Git\ajee-iam-premium-library\Invoke-EntraIdentityDecommissioningControlPlane\tests\Rev11\Traceability.Rev34.Tests.ps1">
        <results>
          <test-suite type="TestFixture" name="Traceability" executed="True" result="Success" success="True" time="0.1494" asserts="0" description="Traceability">
            <results>
              <test-case description="FindingOnly trace status generated when finding has no WhatIf action" name="Traceability.FindingOnly trace status generated when finding has no WhatIf action" time="0.0216" asserts="0" success="True" result="Success" executed="True" />
              <test-case description="WhatIfGenerated trace status generated when finding has WhatIf but no approval" name="Traceability.WhatIfGenerated trace status generated when finding has WhatIf but no approval" time="0.0156" asserts="0" success="True" result="Success" executed="True" />
              <test-case description="Approved trace status generated when finding has WhatIf and Approved approval but no execution" name="Traceability.Approved trace status generated when finding has WhatIf and Approved approval but no execution" time="0.0079" asserts="0" success="True" result="Success" executed="True" />
              <test-case description="Executed trace status generated when execution outcome is Executed with EvidenceFile" name="Traceability.Executed trace status generated when execution outcome is Executed with EvidenceFile" time="0.0109" asserts="0" success="True" result="Success" executed="True" />
              <test-case description="Skipped trace status generated when execution outcome is Skipped" name="Traceability.Skipped trace status generated when execution outcome is Skipped" time="0.0073" asserts="0" success="True" result="Success" executed="True" />
              <test-case description="Blocked trace status generated when execution outcome is Blocked" name="Traceability.Blocked trace status generated when execution outcome is Blocked" time="0.0093" asserts="0" success="True" result="Success" executed="True" />
              <test-case description="EvidenceMissing trace gap generated when execution outcome is Executed but EvidenceFile is empty" name="Traceability.EvidenceMissing trace gap generated when execution outcome is Executed but EvidenceFile is empty" time="0.0126" asserts="0" success="True" result="Success" executed="True" />
              <test-case description="Traceability CSV exported and importable" name="Traceability.Traceability CSV exported and importable" time="0.0126" asserts="0" success="True" result="Success" executed="True" />
              <test-case description="Traceability HTML exported and contains HTML structure" name="Traceability.Traceability HTML exported and contains HTML structure" time="0.0302" asserts="0" success="True" result="Success" executed="True" />
            </results>
          </test-suite>
        </results>
      </test-suite>
      <test-suite type="TestFixture" name="C:\Git\ajee-iam-premium-library\Invoke-EntraIdentityDecommissioningControlPlane\tests\Rev11\WriteReadiness.Rev25.Tests.ps1" executed="True" result="Success" success="True" time="0.7969" asserts="0" description="C:\Git\ajee-iam-premium-library\Invoke-EntraIdentityDecommissioningControlPlane\tests\Rev11\WriteReadiness.Rev25.Tests.ps1">
        <results>
          <test-suite type="TestFixture" name="WriteReadiness.psm1 — Execution Scope Registry" executed="True" result="Success" success="True" time="0.1549" asserts="0" description="WriteReadiness.psm1 — Execution Scope Registry">
            <results>
              <test-case description="Registry contains exactly thirty entries (14 original + 8 Rev3.1 guest + 1 Rev3.2 credential + 7 Rev3.3 owner/CA)" name="WriteReadiness.psm1 — Execution Scope Registry.Registry contains exactly thirty entries (14 original + 8 Rev3.1 guest + 1 Rev3.2 credential + 7 Rev3.3 owner/CA)" time="0.0037" asserts="0" success="True" result="Success" executed="True" />
              <test-case description="Registry includes DEC-USER-001" name="WriteReadiness.psm1 — Execution Scope Registry.Registry includes DEC-USER-001" time="0.0034" asserts="0" success="True" result="Success" executed="True" />
              <test-case description="Registry includes DEC-USER-002" name="WriteReadiness.psm1 — Execution Scope Registry.Registry includes DEC-USER-002" time="0.0079" asserts="0" success="True" result="Success" executed="True" />
              <test-case description="Registry includes DEC-USER-003" name="WriteReadiness.psm1 — Execution Scope Registry.Registry includes DEC-USER-003" time="0.0044" asserts="0" success="True" result="Success" executed="True" />
              <test-case description="Registry includes DEC-ROLE-001" name="WriteReadiness.psm1 — Execution Scope Registry.Registry includes DEC-ROLE-001" time="0.004" asserts="0" success="True" result="Success" executed="True" />
              <test-case description="Registry includes DEC-APP-001 as AddApplicationOwner (Rev3.3)" name="WriteReadiness.psm1 — Execution Scope Registry.Registry includes DEC-APP-001 as AddApplicationOwner (Rev3.3)" time="0.0054" asserts="0" success="True" result="Success" executed="True" />
              <test-case description="Registry does not include plan-only finding DEC-APP-004" name="WriteReadiness.psm1 — Execution Scope Registry.Registry does not include plan-only finding DEC-APP-004" time="0.0042" asserts="0" success="True" result="Success" executed="True" />
              <test-case description="Registry includes Rev3.0 finding DEC-PIM-001" name="WriteReadiness.psm1 — Execution Scope Registry.Registry includes Rev3.0 finding DEC-PIM-001" time="0.0205" asserts="0" success="True" result="Success" executed="True" />
              <test-case description="Registry includes Rev3.0 finding DEC-AP-001" name="WriteReadiness.psm1 — Execution Scope Registry.Registry includes Rev3.0 finding DEC-AP-001" time="0.0098" asserts="0" success="True" result="Success" executed="True" />
              <test-case description="Registry does not include Rev2.4 finding DEC-GOV-001" name="WriteReadiness.psm1 — Execution Scope Registry.Registry does not include Rev2.4 finding DEC-GOV-001" time="0.0048" asserts="0" success="True" result="Success" executed="True" />
              <test-case description="All registry entries have Status Executable or ExecutableWhenExactTargetPresent" name="WriteReadiness.psm1 — Execution Scope Registry.All registry entries have Status Executable or ExecutableWhenExactTargetPresent" time="0.0038" asserts="0" success="True" result="Success" executed="True" />
              <test-case description="Registry entries have valid IntroducedIn version labels" name="WriteReadiness.psm1 — Execution Scope Registry.Registry entries have valid IntroducedIn version labels" time="0.0048" asserts="0" success="True" result="Success" executed="True" />
              <test-case description="All registry write scopes are in the approved scope list" name="WriteReadiness.psm1 — Execution Scope Registry.All registry write scopes are in the approved scope list" time="0.0208" asserts="0" success="True" result="Success" executed="True" />
            </results>
          </test-suite>
          <test-suite type="TestFixture" name="WriteReadiness.psm1 — Rev3 Write Candidate Registry" executed="True" result="Success" success="True" time="0.3486" asserts="0" description="WriteReadiness.psm1 — Rev3 Write Candidate Registry">
            <results>
              <test-case description="Rev3 candidate registry contains access package assignment candidate" name="WriteReadiness.psm1 — Rev3 Write Candidate Registry.Rev3 candidate registry contains access package assignment candidate" time="0.0044" asserts="0" success="True" result="Success" executed="True" />
              <test-case description="Rev3 candidate registry contains PIM eligible assignment candidate" name="WriteReadiness.psm1 — Rev3 Write Candidate Registry.Rev3 candidate registry contains PIM eligible assignment candidate" time="0.0044" asserts="0" success="True" result="Success" executed="True" />
              <test-case description="Unsafe app deletion candidate is marked Unsafe" name="WriteReadiness.psm1 — Rev3 Write Candidate Registry.Unsafe app deletion candidate is marked Unsafe" time="0.0097" asserts="0" success="True" result="Success" executed="True" />
              <test-case description="Service principal deletion candidate is marked Unsafe" name="WriteReadiness.psm1 — Rev3 Write Candidate Registry.Service principal deletion candidate is marked Unsafe" time="0.0041" asserts="0" success="True" result="Success" executed="True" />
              <test-case description="CA exclusion write candidates are marked Deferred" name="WriteReadiness.psm1 — Rev3 Write Candidate Registry.CA exclusion write candidates are marked Deferred" time="0.01" asserts="0" success="True" result="Success" executed="True" />
              <test-case description="All candidates have required registry fields" name="WriteReadiness.psm1 — Rev3 Write Candidate Registry.All candidates have required registry fields" time="0.14" asserts="0" success="True" result="Success" executed="True" />
            </results>
          </test-suite>
          <test-suite type="TestFixture" name="WriteReadiness.psm1 — Rev3 Write-Readiness Report" executed="True" result="Success" success="True" time="0.5218" asserts="0" description="WriteReadiness.psm1 — Rev3 Write-Readiness Report">
            <results>
              <test-case description="Write-readiness report recommendation is ReadyForRev3Design" name="WriteReadiness.psm1 — Rev3 Write-Readiness Report.Write-readiness report recommendation is ReadyForRev3Design" time="0.0046" asserts="0" success="True" result="Success" executed="True" />
              <test-case description="Write-readiness report recommendation is not ReadyForRev3Implementation" name="WriteReadiness.psm1 — Rev3 Write-Readiness Report.Write-readiness report recommendation is not ReadyForRev3Implementation" time="0.003" asserts="0" success="True" result="Success" executed="True" />
              <test-case description="Write-readiness report has correct schema version" name="WriteReadiness.psm1 — Rev3 Write-Readiness Report.Write-readiness report has correct schema version" time="0.0027" asserts="0" success="True" result="Success" executed="True" />
              <test-case description="Write-readiness report contains ExecutionScopeRegistry" name="WriteReadiness.psm1 — Rev3 Write-Readiness Report.Write-readiness report contains ExecutionScopeRegistry" time="0.0037" asserts="0" success="True" result="Success" executed="True" />
              <test-case description="Write-readiness report contains Rev3Candidates" name="WriteReadiness.psm1 — Rev3 Write-Readiness Report.Write-readiness report contains Rev3Candidates" time="0.0035" asserts="0" success="True" result="Success" executed="True" />
              <test-case description="Export-DecomRev3WriteReadinessJson creates JSON file" name="WriteReadiness.psm1 — Rev3 Write-Readiness Report.Export-DecomRev3WriteReadinessJson creates JSON file" time="0.0326" asserts="0" success="True" result="Success" executed="True" />
              <test-case description="Export-DecomRev3WriteReadinessMarkdown creates Markdown file" name="WriteReadiness.psm1 — Rev3 Write-Readiness Report.Export-DecomRev3WriteReadinessMarkdown creates Markdown file" time="0.0501" asserts="0" success="True" result="Success" executed="True" />
              <test-case description="Export-DecomExecutionScopeRegistryJson creates JSON file" name="WriteReadiness.psm1 — Rev3 Write-Readiness Report.Export-DecomExecutionScopeRegistryJson creates JSON file" time="0.0298" asserts="0" success="True" result="Success" executed="True" />
            </results>
          </test-suite>
        </results>
      </test-suite>
    </results>
  </test-suite>
</test-results>